{
  "stats": {
    "suites": 1,
    "tests": 1,
    "passes": 0,
    "pending": 0,
    "failures": 1,
    "start": "2022-10-01T12:30:01.276Z",
    "end": "2022-10-01T12:30:02.138Z",
    "duration": 862,
    "testsRegistered": 1,
    "passPercent": 0,
    "pendingPercent": 0,
    "other": 0,
    "hasOther": false,
    "skipped": 0,
    "hasSkipped": false
  },
  "results": [
    {
      "uuid": "6c5eaa51-4124-406f-9fd8-243f16b3a7b8",
      "title": "",
      "fullFile": "cypress/integration/examples/CypressBasicCommands.spec.js",
      "file": "cypress/integration/examples/CypressBasicCommands.spec.js",
      "beforeHooks": [],
      "afterHooks": [],
      "tests": [],
      "suites": [
        {
          "uuid": "852b14d1-8ec0-464a-bb66-e28d72ae2427",
          "title": "My first Test suit",
          "fullFile": "",
          "file": "",
          "beforeHooks": [],
          "afterHooks": [],
          "tests": [
            {
              "title": "Aseertion in Cypress Using Xpath",
              "fullTitle": "My first Test suit Aseertion in Cypress Using Xpath",
              "timedOut": null,
              "duration": 409,
              "state": "failed",
              "speed": null,
              "pass": false,
              "fail": true,
              "pending": false,
              "context": null,
              "code": "cy.visit(\"https://rahulshettyacademy.com/seleniumPractise/#/\");\ncy.title().should('eq', 'GreenKart - veg and fruits kart');\n_helperMethods.helperMethods.enterTextWithXpath(this.xpath.search, this.testData.serachText);\ncy.wait(6000);\n_helperMethods.helperMethods.clickWithXpath(this.xpath.addToCart);\ncy.xpath('//strong[text()=\"32\"]').should('have.text', '32');\ncy.xpath('//img[@alt=\"Cart\"]').click();\ncy.xpath('//button[text()=\"PROCEED TO CHECKOUT\"]').click();\ncy.xpath('//input[@class=\"promoCode\"]').type(\"Ankit\");\ncy.xpath('//button[@class=\"promoBtn\"]').click().wait(5000);\ncy.xpath('//span[@class=\"promoInfo\"]').should('have.text', 'Invalid code ..!').wait(5000);\ncy.xpath('//span[@class=\"discountPerc\"]').should('have.text', '0%');\ncy.xpath('//span[@class=\"discountAmt\"]').should('have.text', '32');\ncy.xpath('//button[text()=\"Place Order\"]').click();\ncy.get('select').select('India').should('have.value', 'India');\ncy.xpath('//input[@class=\"chkAgree\"]').click();\ncy.xpath('//button[text()=\"Proceed\"]').click();",
              "err": {
                "message": "TypeError: Cannot read property 'search' of undefined",
                "estack": "TypeError: Cannot read property 'search' of undefined\n    at Context.eval (http://localhost:54783/__cypress/tests?p=cypress\\integration\\examples\\CypressBasicCommands.spec.js:34:64)",
                "diff": null
              },
              "uuid": "4d29e502-e375-4bdf-b8b6-7504f068a9ce",
              "parentUUID": "852b14d1-8ec0-464a-bb66-e28d72ae2427",
              "isHook": false,
              "skipped": false
            }
          ],
          "suites": [],
          "passes": [],
          "failures": [
            "4d29e502-e375-4bdf-b8b6-7504f068a9ce"
          ],
          "pending": [],
          "skipped": [],
          "duration": 409,
          "root": false,
          "rootEmpty": false,
          "_timeout": 2000
        }
      ],
      "passes": [],
      "failures": [],
      "pending": [],
      "skipped": [],
      "duration": 0,
      "root": true,
      "rootEmpty": true,
      "_timeout": 2000
    }
  ],
  "meta": {
    "mocha": {
      "version": "7.0.1"
    },
    "mochawesome": {
      "options": {
        "quiet": false,
        "reportFilename": "mochawesome",
        "saveHtml": true,
        "saveJson": true,
        "useInlineDiffs": false
      },
      "version": "4.0.1"
    },
    "marge": {
      "options": null,
      "version": "4.0.1"
    }
  }
}